<?xml version="1.0" encoding="UTF-8"?>
<testsuite name="com.spandana.photohouse.model.RatingTest" tests="4" skipped="0" failures="0" errors="0" timestamp="2026-02-27T06:00:14" hostname="KARTHIKEYASPC" time="0.009">
  <properties/>
  <testcase name="parameterizedConstructor_setsAllFields()" classname="com.spandana.photohouse.model.RatingTest" time="0.002"/>
  <testcase name="parameterizedConstructor_acceptsNullOptionalFields()" classname="com.spandana.photohouse.model.RatingTest" time="0.002"/>
  <testcase name="settersAndGetters_workCorrectly()" classname="com.spandana.photohouse.model.RatingTest" time="0.001"/>
  <testcase name="defaultConstructor_createsEmptyRating()" classname="com.spandana.photohouse.model.RatingTest" time="0.001"/>
  <system-out><![CDATA[]]></system-out>
  <system-err><![CDATA[]]></system-err>
</testsuite>
