<?xml version="1.0" encoding="UTF-8"?>
<testsuite name="com.spandana.photohouse.repository.ContactSubmissionRepositoryTest" tests="3" skipped="0" failures="0" errors="0" timestamp="2026-02-27T06:00:17" hostname="KARTHIKEYASPC" time="0.068">
  <properties/>
  <testcase name="findAllByOrderByCreatedAtDesc_returnsInCorrectOrder()" classname="com.spandana.photohouse.repository.ContactSubmissionRepositoryTest" time="0.036"/>
  <testcase name="findAllByOrderByCreatedAtDesc_emptyRepository_returnsEmptyList()" classname="com.spandana.photohouse.repository.ContactSubmissionRepositoryTest" time="0.013"/>
  <testcase name="save_submission_persistsCorrectly()" classname="com.spandana.photohouse.repository.ContactSubmissionRepositoryTest" time="0.014"/>
  <system-out><![CDATA[2026-02-27T11:30:16.994+05:30  INFO 23480 --- [    Test worker] t.c.s.AnnotationConfigContextLoaderUtils : Could not detect default configuration classes for test class [com.spandana.photohouse.repository.ContactSubmissionRepositoryTest]: ContactSubmissionRepositoryTest does not declare any static, non-private, non-final, nested classes annotated with @Configuration.
2026-02-27T11:30:17.020+05:30  INFO 23480 --- [    Test worker] .b.t.c.SpringBootTestContextBootstrapper : Found @SpringBootConfiguration com.spandana.photohouse.PhotoHouseApplication for test class com.spandana.photohouse.repository.ContactSubmissionRepositoryTest
Hibernate: insert into contact_submissions (created_at,email,message,name,phone,id) values (?,?,?,?,?,default)
Hibernate: insert into contact_submissions (created_at,email,message,name,phone,id) values (?,?,?,?,?,default)
Hibernate: select cs1_0.id,cs1_0.created_at,cs1_0.email,cs1_0.message,cs1_0.name,cs1_0.phone from contact_submissions cs1_0 order by cs1_0.created_at desc
Hibernate: select cs1_0.id,cs1_0.created_at,cs1_0.email,cs1_0.message,cs1_0.name,cs1_0.phone from contact_submissions cs1_0 order by cs1_0.created_at desc
Hibernate: insert into contact_submissions (created_at,email,message,name,phone,id) values (?,?,?,?,?,default)
]]></system-out>
  <system-err><![CDATA[]]></system-err>
</testsuite>
