<?xml version="1.0" encoding="UTF-8"?>
<testsuite name="com.spandana.photohouse.repository.BookingRepositoryTest" tests="4" skipped="0" failures="0" errors="0" timestamp="2026-02-27T06:00:15" hostname="KARTHIKEYASPC" time="0.987">
  <properties/>
  <testcase name="findAllByOrderByCreatedAtDesc_returnsInCorrectOrder()" classname="com.spandana.photohouse.repository.BookingRepositoryTest" time="0.941"/>
  <testcase name="findAllByOrderByCreatedAtDesc_emptyRepository_returnsEmptyList()" classname="com.spandana.photohouse.repository.BookingRepositoryTest" time="0.013"/>
  <testcase name="save_booking_withNullOptionalFields_succeeds()" classname="com.spandana.photohouse.repository.BookingRepositoryTest" time="0.013"/>
  <testcase name="save_booking_persistsCorrectly()" classname="com.spandana.photohouse.repository.BookingRepositoryTest" time="0.014"/>
  <system-out><![CDATA[2026-02-27T11:30:14.970+05:30  INFO 23480 --- [    Test worker] t.c.s.AnnotationConfigContextLoaderUtils : Could not detect default configuration classes for test class [com.spandana.photohouse.repository.BookingRepositoryTest]: BookingRepositoryTest does not declare any static, non-private, non-final, nested classes annotated with @Configuration.
2026-02-27T11:30:15.033+05:30  INFO 23480 --- [    Test worker] .b.t.c.SpringBootTestContextBootstrapper : Found @SpringBootConfiguration com.spandana.photohouse.PhotoHouseApplication for test class com.spandana.photohouse.repository.BookingRepositoryTest

  .   ____          _            __ _ _
 /\\ / ___'_ __ _ _(_)_ __  __ _ \ \ \ \
( ( )\___ | '_ | '_| | '_ \/ _` | \ \ \ \
 \\/  ___)| |_)| | | | | || (_| |  ) ) ) )
  '  |____| .__|_| |_|_| |_\__, | / / / /
 =========|_|==============|___/=/_/_/_/
 :: Spring Boot ::                (v3.2.0)

2026-02-27T11:30:15.117+05:30  INFO 23480 --- [    Test worker] c.s.p.repository.BookingRepositoryTest   : Starting BookingRepositoryTest using Java 19.0.1 with PID 23480 (started by daggu in C:\Users\daggu\OneDrive\Desktop\photo shop website)
2026-02-27T11:30:15.117+05:30  INFO 23480 --- [    Test worker] c.s.p.repository.BookingRepositoryTest   : No active profile set, falling back to 1 default profile: "default"
2026-02-27T11:30:15.351+05:30  INFO 23480 --- [    Test worker] .s.d.r.c.RepositoryConfigurationDelegate : Bootstrapping Spring Data JPA repositories in DEFAULT mode.
2026-02-27T11:30:15.386+05:30  INFO 23480 --- [    Test worker] .s.d.r.c.RepositoryConfigurationDelegate : Finished Spring Data repository scanning in 33 ms. Found 3 JPA repository interfaces.
2026-02-27T11:30:15.422+05:30  INFO 23480 --- [    Test worker] beddedDataSourceBeanFactoryPostProcessor : Replacing 'dataSource' DataSource bean with embedded version
2026-02-27T11:30:15.498+05:30  INFO 23480 --- [    Test worker] o.s.j.d.e.EmbeddedDatabaseFactory        : Starting embedded database: url='jdbc:h2:mem:d29d2ad8-7159-42db-844a-ef68417b5ca5;DB_CLOSE_DELAY=-1;DB_CLOSE_ON_EXIT=false', username='sa'
2026-02-27T11:30:15.554+05:30  INFO 23480 --- [    Test worker] o.hibernate.jpa.internal.util.LogHelper  : HHH000204: Processing PersistenceUnitInfo [name: default]
2026-02-27T11:30:15.563+05:30  INFO 23480 --- [    Test worker] o.h.c.internal.RegionFactoryInitiator    : HHH000026: Second-level cache disabled
2026-02-27T11:30:15.575+05:30  INFO 23480 --- [    Test worker] o.s.o.j.p.SpringPersistenceUnitInfo      : No LoadTimeWeaver setup: ignoring JPA class transformer
2026-02-27T11:30:15.762+05:30  INFO 23480 --- [    Test worker] o.h.e.t.j.p.i.JtaPlatformInitiator       : HHH000489: No JTA platform available (set 'hibernate.transaction.jta.platform' to enable JTA platform integration)
Hibernate: drop table if exists bookings cascade 
Hibernate: drop table if exists contact_submissions cascade 
Hibernate: drop table if exists ratings cascade 
Hibernate: create table bookings (preferred_date date, created_at timestamp(6) with time zone not null, id bigint generated by default as identity, notes varchar(2000), email varchar(255) not null, event_type varchar(255) not null, name varchar(255) not null, package_type varchar(255), phone varchar(255), primary key (id))
Hibernate: create table contact_submissions (created_at timestamp(6) with time zone not null, id bigint generated by default as identity, message varchar(2000) not null, email varchar(255) not null, name varchar(255) not null, phone varchar(255), primary key (id))
Hibernate: create table ratings (stars integer not null, created_at timestamp(6) with time zone not null, id bigint generated by default as identity, review_text varchar(1000), client_name varchar(255), primary key (id))
2026-02-27T11:30:15.783+05:30  INFO 23480 --- [    Test worker] j.LocalContainerEntityManagerFactoryBean : Initialized JPA EntityManagerFactory for persistence unit 'default'
2026-02-27T11:30:15.994+05:30  INFO 23480 --- [    Test worker] c.s.p.repository.BookingRepositoryTest   : Started BookingRepositoryTest in 0.953 seconds (process running for 29.333)
Hibernate: insert into bookings (created_at,email,event_type,name,notes,package_type,phone,preferred_date,id) values (?,?,?,?,?,?,?,?,default)
Hibernate: insert into bookings (created_at,email,event_type,name,notes,package_type,phone,preferred_date,id) values (?,?,?,?,?,?,?,?,default)
Hibernate: select b1_0.id,b1_0.created_at,b1_0.email,b1_0.event_type,b1_0.name,b1_0.notes,b1_0.package_type,b1_0.phone,b1_0.preferred_date from bookings b1_0 order by b1_0.created_at desc
Hibernate: select b1_0.id,b1_0.created_at,b1_0.email,b1_0.event_type,b1_0.name,b1_0.notes,b1_0.package_type,b1_0.phone,b1_0.preferred_date from bookings b1_0 order by b1_0.created_at desc
Hibernate: insert into bookings (created_at,email,event_type,name,notes,package_type,phone,preferred_date,id) values (?,?,?,?,?,?,?,?,default)
Hibernate: insert into bookings (created_at,email,event_type,name,notes,package_type,phone,preferred_date,id) values (?,?,?,?,?,?,?,?,default)
]]></system-out>
  <system-err><![CDATA[]]></system-err>
</testsuite>
